  Determining projects to restore...
D:\1\PRN1\prn_pro\PRN222-STAYTRUST\STAYTRUST\STAYTRUST.csproj : warning NU1603: STAYTRUST depends on AWSSDK.Extensions.NETCore.Setup (>= 3.7.302) but AWSSDK.Extensions.NETCore.Setup 3.7.302 was not found. AWSSDK.Extensions.NETCore.Setup 3.7.400 was resolved instead. [D:\1\PRN1\prn_pro\PRN222-STAYTRUST\STAYTRUST\STAYTRUST.sln]
D:\1\PRN1\prn_pro\PRN222-STAYTRUST\STAYTRUST\STAYTRUST.csproj : warning NU1603: STAYTRUST depends on AWSSDK.S3 (>= 3.7.300.40) but AWSSDK.S3 3.7.300.40 was not found. AWSSDK.S3 3.7.301 was resolved instead. [D:\1\PRN1\prn_pro\PRN222-STAYTRUST\STAYTRUST\STAYTRUST.sln]
  All projects are up-to-date for restore.
D:\1\PRN1\prn_pro\PRN222-STAYTRUST\STAYTRUST\STAYTRUST.csproj : warning NU1603: STAYTRUST depends on AWSSDK.Extensions.NETCore.Setup (>= 3.7.302) but AWSSDK.Extensions.NETCore.Setup 3.7.302 was not found. AWSSDK.Extensions.NETCore.Setup 3.7.400 was resolved instead.
D:\1\PRN1\prn_pro\PRN222-STAYTRUST\STAYTRUST\STAYTRUST.csproj : warning NU1603: STAYTRUST depends on AWSSDK.S3 (>= 3.7.300.40) but AWSSDK.S3 3.7.300.40 was not found. AWSSDK.S3 3.7.301 was resolved instead.
D:\1\PRN1\prn_pro\PRN222-STAYTRUST\STAYTRUST\Components\_Imports.razor(11,8): warning CS0105: The using directive for 'Microsoft.AspNetCore.Components.Authorization' appeared previously in this namespace [D:\1\PRN1\prn_pro\PRN222-STAYTRUST\STAYTRUST\STAYTRUST.csproj]
D:\1\PRN1\prn_pro\PRN222-STAYTRUST\STAYTRUST\Models\DTOs\InvoiceDto.cs(8,23): warning CS8618: Non-nullable property 'RoomTitle' must contain a non-null value when exiting constructor. Consider adding the 'required' modifier or declaring the property as nullable. [D:\1\PRN1\prn_pro\PRN222-STAYTRUST\STAYTRUST\STAYTRUST.csproj]
D:\1\PRN1\prn_pro\PRN222-STAYTRUST\STAYTRUST\Models\DTOs\InvoiceDto.cs(9,23): warning CS8618: Non-nullable property 'TenantName' must contain a non-null value when exiting constructor. Consider adding the 'required' modifier or declaring the property as nullable. [D:\1\PRN1\prn_pro\PRN222-STAYTRUST\STAYTRUST\STAYTRUST.csproj]
D:\1\PRN1\prn_pro\PRN222-STAYTRUST\STAYTRUST\Models\DTOs\InvoiceDto.cs(10,23): warning CS8618: Non-nullable property 'TenantEmail' must contain a non-null value when exiting constructor. Consider adding the 'required' modifier or declaring the property as nullable. [D:\1\PRN1\prn_pro\PRN222-STAYTRUST\STAYTRUST\STAYTRUST.csproj]
D:\1\PRN1\prn_pro\PRN222-STAYTRUST\STAYTRUST\Models\DTOs\InvoiceDto.cs(11,23): warning CS8618: Non-nullable property 'Month' must contain a non-null value when exiting constructor. Consider adding the 'required' modifier or declaring the property as nullable. [D:\1\PRN1\prn_pro\PRN222-STAYTRUST\STAYTRUST\STAYTRUST.csproj]
D:\1\PRN1\prn_pro\PRN222-STAYTRUST\STAYTRUST\Models\DTOs\InvoiceDto.cs(33,23): warning CS8618: Non-nullable property 'Month' must contain a non-null value when exiting constructor. Consider adding the 'required' modifier or declaring the property as nullable. [D:\1\PRN1\prn_pro\PRN222-STAYTRUST\STAYTRUST\STAYTRUST.csproj]
D:\1\PRN1\prn_pro\PRN222-STAYTRUST\STAYTRUST\Models\DTOs\InvoiceDto.cs(41,23): warning CS8618: Non-nullable property 'Month' must contain a non-null value when exiting constructor. Consider adding the 'required' modifier or declaring the property as nullable. [D:\1\PRN1\prn_pro\PRN222-STAYTRUST\STAYTRUST\STAYTRUST.csproj]
D:\1\PRN1\prn_pro\PRN222-STAYTRUST\STAYTRUST\Models\DTOs\InvoiceDto.cs(42,26): warning CS8618: Non-nullable property 'RoomIds' must contain a non-null value when exiting constructor. Consider adding the 'required' modifier or declaring the property as nullable. [D:\1\PRN1\prn_pro\PRN222-STAYTRUST\STAYTRUST\STAYTRUST.csproj]
D:\1\PRN1\prn_pro\PRN222-STAYTRUST\STAYTRUST\Models\DTOs\InvoiceDto.cs(47,27): warning CS8618: Non-nullable property 'Invoice' must contain a non-null value when exiting constructor. Consider adding the 'required' modifier or declaring the property as nullable. [D:\1\PRN1\prn_pro\PRN222-STAYTRUST\STAYTRUST\STAYTRUST.csproj]
D:\1\PRN1\prn_pro\PRN222-STAYTRUST\STAYTRUST\Models\DTOs\InvoiceDto.cs(48,32): warning CS8618: Non-nullable property 'MeterReading' must contain a non-null value when exiting constructor. Consider adding the 'required' modifier or declaring the property as nullable. [D:\1\PRN1\prn_pro\PRN222-STAYTRUST\STAYTRUST\STAYTRUST.csproj]
D:\1\PRN1\prn_pro\PRN222-STAYTRUST\STAYTRUST\Models\DTOs\MeterReadingDto.cs(38,23): warning CS8618: Non-nullable property 'Month' must contain a non-null value when exiting constructor. Consider adding the 'required' modifier or declaring the property as nullable. [D:\1\PRN1\prn_pro\PRN222-STAYTRUST\STAYTRUST\STAYTRUST.csproj]
D:\1\PRN1\prn_pro\PRN222-STAYTRUST\STAYTRUST\Models\DTOs\MeterReadingDto.cs(39,44): warning CS8618: Non-nullable property 'Readings' must contain a non-null value when exiting constructor. Consider adding the 'required' modifier or declaring the property as nullable. [D:\1\PRN1\prn_pro\PRN222-STAYTRUST\STAYTRUST\STAYTRUST.csproj]
D:\1\PRN1\prn_pro\PRN222-STAYTRUST\STAYTRUST\Models\DTOs\MeterReadingDto.cs(29,23): warning CS8618: Non-nullable property 'Month' must contain a non-null value when exiting constructor. Consider adding the 'required' modifier or declaring the property as nullable. [D:\1\PRN1\prn_pro\PRN222-STAYTRUST\STAYTRUST\STAYTRUST.csproj]
D:\1\PRN1\prn_pro\PRN222-STAYTRUST\STAYTRUST\Models\DTOs\MeterReadingDto.cs(7,23): warning CS8618: Non-nullable property 'RoomTitle' must contain a non-null value when exiting constructor. Consider adding the 'required' modifier or declaring the property as nullable. [D:\1\PRN1\prn_pro\PRN222-STAYTRUST\STAYTRUST\STAYTRUST.csproj]
D:\1\PRN1\prn_pro\PRN222-STAYTRUST\STAYTRUST\Models\DTOs\MeterReadingDto.cs(8,23): warning CS8618: Non-nullable property 'Month' must contain a non-null value when exiting constructor. Consider adding the 'required' modifier or declaring the property as nullable. [D:\1\PRN1\prn_pro\PRN222-STAYTRUST\STAYTRUST\STAYTRUST.csproj]
D:\1\PRN1\prn_pro\PRN222-STAYTRUST\STAYTRUST\Controllers\ListingsController.cs(87,48): warning CS0168: The variable 'ex' is declared but never used [D:\1\PRN1\prn_pro\PRN222-STAYTRUST\STAYTRUST\STAYTRUST.csproj]
D:\1\PRN1\prn_pro\PRN222-STAYTRUST\STAYTRUST\Controllers\ListingsController.cs(115,48): warning CS0168: The variable 'ex' is declared but never used [D:\1\PRN1\prn_pro\PRN222-STAYTRUST\STAYTRUST\STAYTRUST.csproj]
D:\1\PRN1\prn_pro\PRN222-STAYTRUST\STAYTRUST\Components\Pages\UserProfile.razor(96,91): error CS1501: No overload for method 'ToString' takes 1 arguments [D:\1\PRN1\prn_pro\PRN222-STAYTRUST\STAYTRUST\STAYTRUST.csproj]
D:\1\PRN1\prn_pro\PRN222-STAYTRUST\STAYTRUST\Services\SmartBillingService.cs(65,34): warning CS8604: Possible null reference argument for parameter 'roomTitle' in 'MeterReadingDto SmartBillingService.MapToDto(MeterReading reading, string roomTitle)'. [D:\1\PRN1\prn_pro\PRN222-STAYTRUST\STAYTRUST\STAYTRUST.csproj]
D:\1\PRN1\prn_pro\PRN222-STAYTRUST\STAYTRUST\Services\SmartBillingService.cs(73,34): warning CS8604: Possible null reference argument for parameter 'roomTitle' in 'MeterReadingDto SmartBillingService.MapToDto(MeterReading reading, string roomTitle)'. [D:\1\PRN1\prn_pro\PRN222-STAYTRUST\STAYTRUST\STAYTRUST.csproj]
D:\1\PRN1\prn_pro\PRN222-STAYTRUST\STAYTRUST\Services\SmartBillingService.cs(83,49): warning CS8604: Possible null reference argument for parameter 'roomTitle' in 'MeterReadingDto SmartBillingService.MapToDto(MeterReading reading, string roomTitle)'. [D:\1\PRN1\prn_pro\PRN222-STAYTRUST\STAYTRUST\STAYTRUST.csproj]
D:\1\PRN1\prn_pro\PRN222-STAYTRUST\STAYTRUST\Services\SmartBillingService.cs(91,49): warning CS8604: Possible null reference argument for parameter 'roomTitle' in 'MeterReadingDto SmartBillingService.MapToDto(MeterReading reading, string roomTitle)'. [D:\1\PRN1\prn_pro\PRN222-STAYTRUST\STAYTRUST\STAYTRUST.csproj]
D:\1\PRN1\prn_pro\PRN222-STAYTRUST\STAYTRUST\Components\Pages\Home.razor(417,23): warning CS8618: Non-nullable property 'Description' must contain a non-null value when exiting constructor. Consider adding the 'required' modifier or declaring the property as nullable. [D:\1\PRN1\prn_pro\PRN222-STAYTRUST\STAYTRUST\STAYTRUST.csproj]
D:\1\PRN1\prn_pro\PRN222-STAYTRUST\STAYTRUST\Components\Pages\Home.razor(418,23): warning CS8618: Non-nullable property 'Place_id' must contain a non-null value when exiting constructor. Consider adding the 'required' modifier or declaring the property as nullable. [D:\1\PRN1\prn_pro\PRN222-STAYTRUST\STAYTRUST\STAYTRUST.csproj]
D:\1\PRN1\prn_pro\PRN222-STAYTRUST\STAYTRUST\Components\Pages\ReportIssue.razor(110,26): warning CS0168: The variable 'ex' is declared but never used [D:\1\PRN1\prn_pro\PRN222-STAYTRUST\STAYTRUST\STAYTRUST.csproj]
D:\1\PRN1\prn_pro\PRN222-STAYTRUST\STAYTRUST\Services\SmartBillingService.cs(199,59): warning CS8604: Possible null reference argument for parameter 'meterReading' in 'InvoiceDto SmartBillingService.MapToInvoiceDto(Invoice invoice, RentalContract contract, MeterReading meterReading, UtilityRate rates)'. [D:\1\PRN1\prn_pro\PRN222-STAYTRUST\STAYTRUST\STAYTRUST.csproj]
D:\1\PRN1\prn_pro\PRN222-STAYTRUST\STAYTRUST\Services\SmartBillingService.cs(199,73): warning CS8604: Possible null reference argument for parameter 'rates' in 'InvoiceDto SmartBillingService.MapToInvoiceDto(Invoice invoice, RentalContract contract, MeterReading meterReading, UtilityRate rates)'. [D:\1\PRN1\prn_pro\PRN222-STAYTRUST\STAYTRUST\STAYTRUST.csproj]
D:\1\PRN1\prn_pro\PRN222-STAYTRUST\STAYTRUST\Services\SmartBillingService.cs(215,67): warning CS8604: Possible null reference argument for parameter 'meterReading' in 'InvoiceDto SmartBillingService.MapToInvoiceDto(Invoice invoice, RentalContract contract, MeterReading meterReading, UtilityRate rates)'. [D:\1\PRN1\prn_pro\PRN222-STAYTRUST\STAYTRUST\STAYTRUST.csproj]
D:\1\PRN1\prn_pro\PRN222-STAYTRUST\STAYTRUST\Services\SmartBillingService.cs(215,81): warning CS8604: Possible null reference argument for parameter 'rates' in 'InvoiceDto SmartBillingService.MapToInvoiceDto(Invoice invoice, RentalContract contract, MeterReading meterReading, UtilityRate rates)'. [D:\1\PRN1\prn_pro\PRN222-STAYTRUST\STAYTRUST\STAYTRUST.csproj]
D:\1\PRN1\prn_pro\PRN222-STAYTRUST\STAYTRUST\Services\SmartBillingService.cs(233,67): warning CS8604: Possible null reference argument for parameter 'meterReading' in 'InvoiceDto SmartBillingService.MapToInvoiceDto(Invoice invoice, RentalContract contract, MeterReading meterReading, UtilityRate rates)'. [D:\1\PRN1\prn_pro\PRN222-STAYTRUST\STAYTRUST\STAYTRUST.csproj]
D:\1\PRN1\prn_pro\PRN222-STAYTRUST\STAYTRUST\Services\SmartBillingService.cs(233,81): warning CS8604: Possible null reference argument for parameter 'rates' in 'InvoiceDto SmartBillingService.MapToInvoiceDto(Invoice invoice, RentalContract contract, MeterReading meterReading, UtilityRate rates)'. [D:\1\PRN1\prn_pro\PRN222-STAYTRUST\STAYTRUST\STAYTRUST.csproj]
D:\1\PRN1\prn_pro\PRN222-STAYTRUST\STAYTRUST\Services\SmartBillingService.cs(255,17): warning CS8601: Possible null reference assignment. [D:\1\PRN1\prn_pro\PRN222-STAYTRUST\STAYTRUST\STAYTRUST.csproj]
D:\1\PRN1\prn_pro\PRN222-STAYTRUST\STAYTRUST\Services\SmartBillingService.cs(275,25): warning CS8601: Possible null reference assignment. [D:\1\PRN1\prn_pro\PRN222-STAYTRUST\STAYTRUST\STAYTRUST.csproj]
D:\1\PRN1\prn_pro\PRN222-STAYTRUST\STAYTRUST\Services\SmartBillingService.cs(278,21): warning CS8601: Possible null reference assignment. [D:\1\PRN1\prn_pro\PRN222-STAYTRUST\STAYTRUST\STAYTRUST.csproj]
D:\1\PRN1\prn_pro\PRN222-STAYTRUST\STAYTRUST\Services\ListingManagementService.cs(190,49): warning CS8604: Possible null reference argument for parameter 'entities' in 'void DbSet<RoomImage>.RemoveRange(IEnumerable<RoomImage> entities)'. [D:\1\PRN1\prn_pro\PRN222-STAYTRUST\STAYTRUST\STAYTRUST.csproj]
D:\1\PRN1\prn_pro\PRN222-STAYTRUST\STAYTRUST\Components\Pages\LandLord\LandlordProperties.razor(533,26): warning CS0168: The variable 'ex' is declared but never used [D:\1\PRN1\prn_pro\PRN222-STAYTRUST\STAYTRUST\STAYTRUST.csproj]
D:\1\PRN1\prn_pro\PRN222-STAYTRUST\STAYTRUST\Services\ListingManagementService.cs(291,89): warning CS8604: Possible null reference argument for parameter 'imageUrl' in 'Task<ImageValidationResult> IImageValidationService.ValidateImageAsync(string imageUrl)'. [D:\1\PRN1\prn_pro\PRN222-STAYTRUST\STAYTRUST\STAYTRUST.csproj]
D:\1\PRN1\prn_pro\PRN222-STAYTRUST\STAYTRUST\Components\Pages\LandLord\LandlordProperties.razor(575,24): warning CS1998: This async method lacks 'await' operators and will run synchronously. Consider using the 'await' operator to await non-blocking API calls, or 'await Task.Run(...)' to do CPU-bound work on a background thread. [D:\1\PRN1\prn_pro\PRN222-STAYTRUST\STAYTRUST\STAYTRUST.csproj]
D:\1\PRN1\prn_pro\PRN222-STAYTRUST\STAYTRUST\Components\Pages\MyRentals.razor(1046,35): warning CS8602: Dereference of a possibly null reference. [D:\1\PRN1\prn_pro\PRN222-STAYTRUST\STAYTRUST\STAYTRUST.csproj]
D:\1\PRN1\prn_pro\PRN222-STAYTRUST\STAYTRUST\Components\Pages\MyRentals.razor(1166,26): warning CS0168: The variable 'ex' is declared but never used [D:\1\PRN1\prn_pro\PRN222-STAYTRUST\STAYTRUST\STAYTRUST.csproj]
D:\1\PRN1\prn_pro\PRN222-STAYTRUST\STAYTRUST\Components\Pages\LandLord\LandlordRoomDetail.razor(309,42): warning CS8602: Dereference of a possibly null reference. [D:\1\PRN1\prn_pro\PRN222-STAYTRUST\STAYTRUST\STAYTRUST.csproj]
D:\1\PRN1\prn_pro\PRN222-STAYTRUST\STAYTRUST\Components\Pages\LandLord\LandlordRoomDetail.razor(509,84): warning CS8602: Dereference of a possibly null reference. [D:\1\PRN1\prn_pro\PRN222-STAYTRUST\STAYTRUST\STAYTRUST.csproj]
D:\1\PRN1\prn_pro\PRN222-STAYTRUST\STAYTRUST\Components\Pages\LandLord\LandlordRoomDetail.razor(945,24): warning CS1998: This async method lacks 'await' operators and will run synchronously. Consider using the 'await' operator to await non-blocking API calls, or 'await Task.Run(...)' to do CPU-bound work on a background thread. [D:\1\PRN1\prn_pro\PRN222-STAYTRUST\STAYTRUST\STAYTRUST.csproj]
D:\1\PRN1\prn_pro\PRN222-STAYTRUST\STAYTRUST\Components\Pages\LandLord\LandlordRoomDetail.razor(1053,23): warning CS8618: Non-nullable property 'Month' must contain a non-null value when exiting constructor. Consider adding the 'required' modifier or declaring the property as nullable. [D:\1\PRN1\prn_pro\PRN222-STAYTRUST\STAYTRUST\STAYTRUST.csproj]
D:\1\PRN1\prn_pro\PRN222-STAYTRUST\STAYTRUST\Components\Pages\Login.razor(255,21): warning CS0414: The field 'Login.SuccessMessage' is assigned but its value is never used [D:\1\PRN1\prn_pro\PRN222-STAYTRUST\STAYTRUST\STAYTRUST.csproj]

Build FAILED.

D:\1\PRN1\prn_pro\PRN222-STAYTRUST\STAYTRUST\STAYTRUST.csproj : warning NU1603: STAYTRUST depends on AWSSDK.Extensions.NETCore.Setup (>= 3.7.302) but AWSSDK.Extensions.NETCore.Setup 3.7.302 was not found. AWSSDK.Extensions.NETCore.Setup 3.7.400 was resolved instead. [D:\1\PRN1\prn_pro\PRN222-STAYTRUST\STAYTRUST\STAYTRUST.sln]
D:\1\PRN1\prn_pro\PRN222-STAYTRUST\STAYTRUST\STAYTRUST.csproj : warning NU1603: STAYTRUST depends on AWSSDK.S3 (>= 3.7.300.40) but AWSSDK.S3 3.7.300.40 was not found. AWSSDK.S3 3.7.301 was resolved instead. [D:\1\PRN1\prn_pro\PRN222-STAYTRUST\STAYTRUST\STAYTRUST.sln]
D:\1\PRN1\prn_pro\PRN222-STAYTRUST\STAYTRUST\STAYTRUST.csproj : warning NU1603: STAYTRUST depends on AWSSDK.Extensions.NETCore.Setup (>= 3.7.302) but AWSSDK.Extensions.NETCore.Setup 3.7.302 was not found. AWSSDK.Extensions.NETCore.Setup 3.7.400 was resolved instead.
D:\1\PRN1\prn_pro\PRN222-STAYTRUST\STAYTRUST\STAYTRUST.csproj : warning NU1603: STAYTRUST depends on AWSSDK.S3 (>= 3.7.300.40) but AWSSDK.S3 3.7.300.40 was not found. AWSSDK.S3 3.7.301 was resolved instead.
D:\1\PRN1\prn_pro\PRN222-STAYTRUST\STAYTRUST\Components\_Imports.razor(11,8): warning CS0105: The using directive for 'Microsoft.AspNetCore.Components.Authorization' appeared previously in this namespace [D:\1\PRN1\prn_pro\PRN222-STAYTRUST\STAYTRUST\STAYTRUST.csproj]
D:\1\PRN1\prn_pro\PRN222-STAYTRUST\STAYTRUST\Models\DTOs\InvoiceDto.cs(8,23): warning CS8618: Non-nullable property 'RoomTitle' must contain a non-null value when exiting constructor. Consider adding the 'required' modifier or declaring the property as nullable. [D:\1\PRN1\prn_pro\PRN222-STAYTRUST\STAYTRUST\STAYTRUST.csproj]
D:\1\PRN1\prn_pro\PRN222-STAYTRUST\STAYTRUST\Models\DTOs\InvoiceDto.cs(9,23): warning CS8618: Non-nullable property 'TenantName' must contain a non-null value when exiting constructor. Consider adding the 'required' modifier or declaring the property as nullable. [D:\1\PRN1\prn_pro\PRN222-STAYTRUST\STAYTRUST\STAYTRUST.csproj]
D:\1\PRN1\prn_pro\PRN222-STAYTRUST\STAYTRUST\Models\DTOs\InvoiceDto.cs(10,23): warning CS8618: Non-nullable property 'TenantEmail' must contain a non-null value when exiting constructor. Consider adding the 'required' modifier or declaring the property as nullable. [D:\1\PRN1\prn_pro\PRN222-STAYTRUST\STAYTRUST\STAYTRUST.csproj]
D:\1\PRN1\prn_pro\PRN222-STAYTRUST\STAYTRUST\Models\DTOs\InvoiceDto.cs(11,23): warning CS8618: Non-nullable property 'Month' must contain a non-null value when exiting constructor. Consider adding the 'required' modifier or declaring the property as nullable. [D:\1\PRN1\prn_pro\PRN222-STAYTRUST\STAYTRUST\STAYTRUST.csproj]
D:\1\PRN1\prn_pro\PRN222-STAYTRUST\STAYTRUST\Models\DTOs\InvoiceDto.cs(33,23): warning CS8618: Non-nullable property 'Month' must contain a non-null value when exiting constructor. Consider adding the 'required' modifier or declaring the property as nullable. [D:\1\PRN1\prn_pro\PRN222-STAYTRUST\STAYTRUST\STAYTRUST.csproj]
D:\1\PRN1\prn_pro\PRN222-STAYTRUST\STAYTRUST\Models\DTOs\InvoiceDto.cs(41,23): warning CS8618: Non-nullable property 'Month' must contain a non-null value when exiting constructor. Consider adding the 'required' modifier or declaring the property as nullable. [D:\1\PRN1\prn_pro\PRN222-STAYTRUST\STAYTRUST\STAYTRUST.csproj]
D:\1\PRN1\prn_pro\PRN222-STAYTRUST\STAYTRUST\Models\DTOs\InvoiceDto.cs(42,26): warning CS8618: Non-nullable property 'RoomIds' must contain a non-null value when exiting constructor. Consider adding the 'required' modifier or declaring the property as nullable. [D:\1\PRN1\prn_pro\PRN222-STAYTRUST\STAYTRUST\STAYTRUST.csproj]
D:\1\PRN1\prn_pro\PRN222-STAYTRUST\STAYTRUST\Models\DTOs\InvoiceDto.cs(47,27): warning CS8618: Non-nullable property 'Invoice' must contain a non-null value when exiting constructor. Consider adding the 'required' modifier or declaring the property as nullable. [D:\1\PRN1\prn_pro\PRN222-STAYTRUST\STAYTRUST\STAYTRUST.csproj]
D:\1\PRN1\prn_pro\PRN222-STAYTRUST\STAYTRUST\Models\DTOs\InvoiceDto.cs(48,32): warning CS8618: Non-nullable property 'MeterReading' must contain a non-null value when exiting constructor. Consider adding the 'required' modifier or declaring the property as nullable. [D:\1\PRN1\prn_pro\PRN222-STAYTRUST\STAYTRUST\STAYTRUST.csproj]
D:\1\PRN1\prn_pro\PRN222-STAYTRUST\STAYTRUST\Models\DTOs\MeterReadingDto.cs(38,23): warning CS8618: Non-nullable property 'Month' must contain a non-null value when exiting constructor. Consider adding the 'required' modifier or declaring the property as nullable. [D:\1\PRN1\prn_pro\PRN222-STAYTRUST\STAYTRUST\STAYTRUST.csproj]
D:\1\PRN1\prn_pro\PRN222-STAYTRUST\STAYTRUST\Models\DTOs\MeterReadingDto.cs(39,44): warning CS8618: Non-nullable property 'Readings' must contain a non-null value when exiting constructor. Consider adding the 'required' modifier or declaring the property as nullable. [D:\1\PRN1\prn_pro\PRN222-STAYTRUST\STAYTRUST\STAYTRUST.csproj]
D:\1\PRN1\prn_pro\PRN222-STAYTRUST\STAYTRUST\Models\DTOs\MeterReadingDto.cs(29,23): warning CS8618: Non-nullable property 'Month' must contain a non-null value when exiting constructor. Consider adding the 'required' modifier or declaring the property as nullable. [D:\1\PRN1\prn_pro\PRN222-STAYTRUST\STAYTRUST\STAYTRUST.csproj]
D:\1\PRN1\prn_pro\PRN222-STAYTRUST\STAYTRUST\Models\DTOs\MeterReadingDto.cs(7,23): warning CS8618: Non-nullable property 'RoomTitle' must contain a non-null value when exiting constructor. Consider adding the 'required' modifier or declaring the property as nullable. [D:\1\PRN1\prn_pro\PRN222-STAYTRUST\STAYTRUST\STAYTRUST.csproj]
D:\1\PRN1\prn_pro\PRN222-STAYTRUST\STAYTRUST\Models\DTOs\MeterReadingDto.cs(8,23): warning CS8618: Non-nullable property 'Month' must contain a non-null value when exiting constructor. Consider adding the 'required' modifier or declaring the property as nullable. [D:\1\PRN1\prn_pro\PRN222-STAYTRUST\STAYTRUST\STAYTRUST.csproj]
D:\1\PRN1\prn_pro\PRN222-STAYTRUST\STAYTRUST\Controllers\ListingsController.cs(87,48): warning CS0168: The variable 'ex' is declared but never used [D:\1\PRN1\prn_pro\PRN222-STAYTRUST\STAYTRUST\STAYTRUST.csproj]
D:\1\PRN1\prn_pro\PRN222-STAYTRUST\STAYTRUST\Controllers\ListingsController.cs(115,48): warning CS0168: The variable 'ex' is declared but never used [D:\1\PRN1\prn_pro\PRN222-STAYTRUST\STAYTRUST\STAYTRUST.csproj]
D:\1\PRN1\prn_pro\PRN222-STAYTRUST\STAYTRUST\Services\SmartBillingService.cs(65,34): warning CS8604: Possible null reference argument for parameter 'roomTitle' in 'MeterReadingDto SmartBillingService.MapToDto(MeterReading reading, string roomTitle)'. [D:\1\PRN1\prn_pro\PRN222-STAYTRUST\STAYTRUST\STAYTRUST.csproj]
D:\1\PRN1\prn_pro\PRN222-STAYTRUST\STAYTRUST\Services\SmartBillingService.cs(73,34): warning CS8604: Possible null reference argument for parameter 'roomTitle' in 'MeterReadingDto SmartBillingService.MapToDto(MeterReading reading, string roomTitle)'. [D:\1\PRN1\prn_pro\PRN222-STAYTRUST\STAYTRUST\STAYTRUST.csproj]
D:\1\PRN1\prn_pro\PRN222-STAYTRUST\STAYTRUST\Services\SmartBillingService.cs(83,49): warning CS8604: Possible null reference argument for parameter 'roomTitle' in 'MeterReadingDto SmartBillingService.MapToDto(MeterReading reading, string roomTitle)'. [D:\1\PRN1\prn_pro\PRN222-STAYTRUST\STAYTRUST\STAYTRUST.csproj]
D:\1\PRN1\prn_pro\PRN222-STAYTRUST\STAYTRUST\Services\SmartBillingService.cs(91,49): warning CS8604: Possible null reference argument for parameter 'roomTitle' in 'MeterReadingDto SmartBillingService.MapToDto(MeterReading reading, string roomTitle)'. [D:\1\PRN1\prn_pro\PRN222-STAYTRUST\STAYTRUST\STAYTRUST.csproj]
D:\1\PRN1\prn_pro\PRN222-STAYTRUST\STAYTRUST\Components\Pages\Home.razor(417,23): warning CS8618: Non-nullable property 'Description' must contain a non-null value when exiting constructor. Consider adding the 'required' modifier or declaring the property as nullable. [D:\1\PRN1\prn_pro\PRN222-STAYTRUST\STAYTRUST\STAYTRUST.csproj]
D:\1\PRN1\prn_pro\PRN222-STAYTRUST\STAYTRUST\Components\Pages\Home.razor(418,23): warning CS8618: Non-nullable property 'Place_id' must contain a non-null value when exiting constructor. Consider adding the 'required' modifier or declaring the property as nullable. [D:\1\PRN1\prn_pro\PRN222-STAYTRUST\STAYTRUST\STAYTRUST.csproj]
D:\1\PRN1\prn_pro\PRN222-STAYTRUST\STAYTRUST\Components\Pages\ReportIssue.razor(110,26): warning CS0168: The variable 'ex' is declared but never used [D:\1\PRN1\prn_pro\PRN222-STAYTRUST\STAYTRUST\STAYTRUST.csproj]
D:\1\PRN1\prn_pro\PRN222-STAYTRUST\STAYTRUST\Services\SmartBillingService.cs(199,59): warning CS8604: Possible null reference argument for parameter 'meterReading' in 'InvoiceDto SmartBillingService.MapToInvoiceDto(Invoice invoice, RentalContract contract, MeterReading meterReading, UtilityRate rates)'. [D:\1\PRN1\prn_pro\PRN222-STAYTRUST\STAYTRUST\STAYTRUST.csproj]
D:\1\PRN1\prn_pro\PRN222-STAYTRUST\STAYTRUST\Services\SmartBillingService.cs(199,73): warning CS8604: Possible null reference argument for parameter 'rates' in 'InvoiceDto SmartBillingService.MapToInvoiceDto(Invoice invoice, RentalContract contract, MeterReading meterReading, UtilityRate rates)'. [D:\1\PRN1\prn_pro\PRN222-STAYTRUST\STAYTRUST\STAYTRUST.csproj]
D:\1\PRN1\prn_pro\PRN222-STAYTRUST\STAYTRUST\Services\SmartBillingService.cs(215,67): warning CS8604: Possible null reference argument for parameter 'meterReading' in 'InvoiceDto SmartBillingService.MapToInvoiceDto(Invoice invoice, RentalContract contract, MeterReading meterReading, UtilityRate rates)'. [D:\1\PRN1\prn_pro\PRN222-STAYTRUST\STAYTRUST\STAYTRUST.csproj]
D:\1\PRN1\prn_pro\PRN222-STAYTRUST\STAYTRUST\Services\SmartBillingService.cs(215,81): warning CS8604: Possible null reference argument for parameter 'rates' in 'InvoiceDto SmartBillingService.MapToInvoiceDto(Invoice invoice, RentalContract contract, MeterReading meterReading, UtilityRate rates)'. [D:\1\PRN1\prn_pro\PRN222-STAYTRUST\STAYTRUST\STAYTRUST.csproj]
D:\1\PRN1\prn_pro\PRN222-STAYTRUST\STAYTRUST\Services\SmartBillingService.cs(233,67): warning CS8604: Possible null reference argument for parameter 'meterReading' in 'InvoiceDto SmartBillingService.MapToInvoiceDto(Invoice invoice, RentalContract contract, MeterReading meterReading, UtilityRate rates)'. [D:\1\PRN1\prn_pro\PRN222-STAYTRUST\STAYTRUST\STAYTRUST.csproj]
D:\1\PRN1\prn_pro\PRN222-STAYTRUST\STAYTRUST\Services\SmartBillingService.cs(233,81): warning CS8604: Possible null reference argument for parameter 'rates' in 'InvoiceDto SmartBillingService.MapToInvoiceDto(Invoice invoice, RentalContract contract, MeterReading meterReading, UtilityRate rates)'. [D:\1\PRN1\prn_pro\PRN222-STAYTRUST\STAYTRUST\STAYTRUST.csproj]
D:\1\PRN1\prn_pro\PRN222-STAYTRUST\STAYTRUST\Services\SmartBillingService.cs(255,17): warning CS8601: Possible null reference assignment. [D:\1\PRN1\prn_pro\PRN222-STAYTRUST\STAYTRUST\STAYTRUST.csproj]
D:\1\PRN1\prn_pro\PRN222-STAYTRUST\STAYTRUST\Services\SmartBillingService.cs(275,25): warning CS8601: Possible null reference assignment. [D:\1\PRN1\prn_pro\PRN222-STAYTRUST\STAYTRUST\STAYTRUST.csproj]
D:\1\PRN1\prn_pro\PRN222-STAYTRUST\STAYTRUST\Services\SmartBillingService.cs(278,21): warning CS8601: Possible null reference assignment. [D:\1\PRN1\prn_pro\PRN222-STAYTRUST\STAYTRUST\STAYTRUST.csproj]
D:\1\PRN1\prn_pro\PRN222-STAYTRUST\STAYTRUST\Services\ListingManagementService.cs(190,49): warning CS8604: Possible null reference argument for parameter 'entities' in 'void DbSet<RoomImage>.RemoveRange(IEnumerable<RoomImage> entities)'. [D:\1\PRN1\prn_pro\PRN222-STAYTRUST\STAYTRUST\STAYTRUST.csproj]
D:\1\PRN1\prn_pro\PRN222-STAYTRUST\STAYTRUST\Components\Pages\LandLord\LandlordProperties.razor(533,26): warning CS0168: The variable 'ex' is declared but never used [D:\1\PRN1\prn_pro\PRN222-STAYTRUST\STAYTRUST\STAYTRUST.csproj]
D:\1\PRN1\prn_pro\PRN222-STAYTRUST\STAYTRUST\Services\ListingManagementService.cs(291,89): warning CS8604: Possible null reference argument for parameter 'imageUrl' in 'Task<ImageValidationResult> IImageValidationService.ValidateImageAsync(string imageUrl)'. [D:\1\PRN1\prn_pro\PRN222-STAYTRUST\STAYTRUST\STAYTRUST.csproj]
D:\1\PRN1\prn_pro\PRN222-STAYTRUST\STAYTRUST\Components\Pages\LandLord\LandlordProperties.razor(575,24): warning CS1998: This async method lacks 'await' operators and will run synchronously. Consider using the 'await' operator to await non-blocking API calls, or 'await Task.Run(...)' to do CPU-bound work on a background thread. [D:\1\PRN1\prn_pro\PRN222-STAYTRUST\STAYTRUST\STAYTRUST.csproj]
D:\1\PRN1\prn_pro\PRN222-STAYTRUST\STAYTRUST\Components\Pages\MyRentals.razor(1046,35): warning CS8602: Dereference of a possibly null reference. [D:\1\PRN1\prn_pro\PRN222-STAYTRUST\STAYTRUST\STAYTRUST.csproj]
D:\1\PRN1\prn_pro\PRN222-STAYTRUST\STAYTRUST\Components\Pages\MyRentals.razor(1166,26): warning CS0168: The variable 'ex' is declared but never used [D:\1\PRN1\prn_pro\PRN222-STAYTRUST\STAYTRUST\STAYTRUST.csproj]
D:\1\PRN1\prn_pro\PRN222-STAYTRUST\STAYTRUST\Components\Pages\LandLord\LandlordRoomDetail.razor(309,42): warning CS8602: Dereference of a possibly null reference. [D:\1\PRN1\prn_pro\PRN222-STAYTRUST\STAYTRUST\STAYTRUST.csproj]
D:\1\PRN1\prn_pro\PRN222-STAYTRUST\STAYTRUST\Components\Pages\LandLord\LandlordRoomDetail.razor(509,84): warning CS8602: Dereference of a possibly null reference. [D:\1\PRN1\prn_pro\PRN222-STAYTRUST\STAYTRUST\STAYTRUST.csproj]
D:\1\PRN1\prn_pro\PRN222-STAYTRUST\STAYTRUST\Components\Pages\LandLord\LandlordRoomDetail.razor(945,24): warning CS1998: This async method lacks 'await' operators and will run synchronously. Consider using the 'await' operator to await non-blocking API calls, or 'await Task.Run(...)' to do CPU-bound work on a background thread. [D:\1\PRN1\prn_pro\PRN222-STAYTRUST\STAYTRUST\STAYTRUST.csproj]
D:\1\PRN1\prn_pro\PRN222-STAYTRUST\STAYTRUST\Components\Pages\LandLord\LandlordRoomDetail.razor(1053,23): warning CS8618: Non-nullable property 'Month' must contain a non-null value when exiting constructor. Consider adding the 'required' modifier or declaring the property as nullable. [D:\1\PRN1\prn_pro\PRN222-STAYTRUST\STAYTRUST\STAYTRUST.csproj]
D:\1\PRN1\prn_pro\PRN222-STAYTRUST\STAYTRUST\Components\Pages\Login.razor(255,21): warning CS0414: The field 'Login.SuccessMessage' is assigned but its value is never used [D:\1\PRN1\prn_pro\PRN222-STAYTRUST\STAYTRUST\STAYTRUST.csproj]
D:\1\PRN1\prn_pro\PRN222-STAYTRUST\STAYTRUST\Components\Pages\UserProfile.razor(96,91): error CS1501: No overload for method 'ToString' takes 1 arguments [D:\1\PRN1\prn_pro\PRN222-STAYTRUST\STAYTRUST\STAYTRUST.csproj]
    48 Warning(s)
    1 Error(s)

Time Elapsed 00:00:06.10
